0 info it worked if it ends with ok
1 verbose cli [ 'C:\\Program Files\\nodejs\\node.exe',
1 verbose cli   'C:\\Users\\jbaughan\\AppData\\Roaming\\npm\\node_modules\\npm\\bin\\npm-cli.js',
1 verbose cli   'start' ]
2 info using npm@4.1.2
3 info using node@v6.9.4
4 verbose run-script [ 'prestart', 'start', 'poststart' ]
5 info lifecycle CoStar-React-Training@1.0.0~prestart: CoStar-React-Training@1.0.0
6 verbose lifecycle CoStar-React-Training@1.0.0~prestart: unsafe-perm in lifecycle true
7 verbose lifecycle CoStar-React-Training@1.0.0~prestart: PATH: C:\Users\jbaughan\AppData\Roaming\npm\node_modules\npm\bin\node-gyp-bin;C:\CoStarProjects\Sandbox\jbaughan\React Starter Kit Updated\node_modules\.bin;C:\ProgramData\Oracle\Java\javapath;C:\windows\system32;C:\windows;C:\windows\System32\Wbem;C:\windows\System32\WindowsPowerShell\v1.0\;C:\windows\system32\config\systemprofile\.dnx\bin;C:\Program Files\Microsoft DNX\Dnvm\;C:\Program Files\Microsoft SQL Server\130\Tools\Binn\;C:\Program Files (x86)\Microsoft SQL Server\Client SDK\ODBC\130\Tools\Binn\;C:\Program Files (x86)\Microsoft SQL Server\130\Tools\Binn\;C:\Program Files (x86)\Microsoft SQL Server\130\DTS\Binn\;C:\Program Files (x86)\Microsoft SQL Server\130\Tools\Binn\ManagementStudio\;C:\Program Files\nodejs\;C:\Program Files\Git\cmd;C:\Users\jbaughan\AppData\Roaming\npm
8 verbose lifecycle CoStar-React-Training@1.0.0~prestart: CWD: C:\CoStarProjects\Sandbox\jbaughan\React Starter Kit Updated
9 silly lifecycle CoStar-React-Training@1.0.0~prestart: Args: [ '/d /s /c', 'babel-node tools/startMessage.js' ]
10 silly lifecycle CoStar-React-Training@1.0.0~prestart: Returned: code: 0  signal: null
11 info lifecycle CoStar-React-Training@1.0.0~start: CoStar-React-Training@1.0.0
12 verbose lifecycle CoStar-React-Training@1.0.0~start: unsafe-perm in lifecycle true
13 verbose lifecycle CoStar-React-Training@1.0.0~start: PATH: C:\Users\jbaughan\AppData\Roaming\npm\node_modules\npm\bin\node-gyp-bin;C:\CoStarProjects\Sandbox\jbaughan\React Starter Kit Updated\node_modules\.bin;C:\ProgramData\Oracle\Java\javapath;C:\windows\system32;C:\windows;C:\windows\System32\Wbem;C:\windows\System32\WindowsPowerShell\v1.0\;C:\windows\system32\config\systemprofile\.dnx\bin;C:\Program Files\Microsoft DNX\Dnvm\;C:\Program Files\Microsoft SQL Server\130\Tools\Binn\;C:\Program Files (x86)\Microsoft SQL Server\Client SDK\ODBC\130\Tools\Binn\;C:\Program Files (x86)\Microsoft SQL Server\130\Tools\Binn\;C:\Program Files (x86)\Microsoft SQL Server\130\DTS\Binn\;C:\Program Files (x86)\Microsoft SQL Server\130\Tools\Binn\ManagementStudio\;C:\Program Files\nodejs\;C:\Program Files\Git\cmd;C:\Users\jbaughan\AppData\Roaming\npm
14 verbose lifecycle CoStar-React-Training@1.0.0~start: CWD: C:\CoStarProjects\Sandbox\jbaughan\React Starter Kit Updated
15 silly lifecycle CoStar-React-Training@1.0.0~start: Args: [ '/d /s /c',
15 silly lifecycle   'npm-run-all --parallel test:watch open:src lint:watch' ]
16 silly lifecycle CoStar-React-Training@1.0.0~start: Returned: code: 1  signal: null
17 info lifecycle CoStar-React-Training@1.0.0~start: Failed to exec start script
18 verbose stack Error: CoStar-React-Training@1.0.0 start: `npm-run-all --parallel test:watch open:src lint:watch`
18 verbose stack Exit status 1
18 verbose stack     at EventEmitter.<anonymous> (C:\Users\jbaughan\AppData\Roaming\npm\node_modules\npm\lib\utils\lifecycle.js:279:16)
18 verbose stack     at emitTwo (events.js:106:13)
18 verbose stack     at EventEmitter.emit (events.js:191:7)
18 verbose stack     at ChildProcess.<anonymous> (C:\Users\jbaughan\AppData\Roaming\npm\node_modules\npm\lib\utils\spawn.js:40:14)
18 verbose stack     at emitTwo (events.js:106:13)
18 verbose stack     at ChildProcess.emit (events.js:191:7)
18 verbose stack     at maybeClose (internal/child_process.js:877:16)
18 verbose stack     at Process.ChildProcess._handle.onexit (internal/child_process.js:226:5)
19 verbose pkgid CoStar-React-Training@1.0.0
20 verbose cwd C:\CoStarProjects\Sandbox\jbaughan\React Starter Kit Updated
21 error Windows_NT 10.0.10586
22 error argv "C:\\Program Files\\nodejs\\node.exe" "C:\\Users\\jbaughan\\AppData\\Roaming\\npm\\node_modules\\npm\\bin\\npm-cli.js" "start"
23 error node v6.9.4
24 error npm  v4.1.2
25 error code ELIFECYCLE
26 error CoStar-React-Training@1.0.0 start: `npm-run-all --parallel test:watch open:src lint:watch`
26 error Exit status 1
27 error Failed at the CoStar-React-Training@1.0.0 start script 'npm-run-all --parallel test:watch open:src lint:watch'.
27 error Make sure you have the latest version of node.js and npm installed.
27 error If you do, this is most likely a problem with the CoStar-React-Training package,
27 error not with npm itself.
27 error Tell the author that this fails on your system:
27 error     npm-run-all --parallel test:watch open:src lint:watch
27 error You can get information on how to open an issue for this project with:
27 error     npm bugs CoStar-React-Training
27 error Or if that isn't available, you can get their info via:
27 error     npm owner ls CoStar-React-Training
27 error There is likely additional logging output above.
28 verbose exit [ 1, true ]
